 * Serving Flask app "app" (lazy loading)
 * Environment: production
   WARNING: Do not use the development server in a production environment.
   Use a production WSGI server instead.
 * Debug mode: on
/usr/local/lib/python3.7/site-packages/sklearn/ensemble/gradient_boosting.py:34: DeprecationWarning: `np.bool` is a deprecated alias for the builtin `bool`. To silence this warning, use `bool` by itself. Doing this will not modify any behavior and is safe. If you specifically wanted the numpy scalar type, use `np.bool_` here.
Deprecated in NumPy 1.20; for more details and guidance: https://numpy.org/devdocs/release/1.20.0-notes.html#deprecations
  from ._gradient_boosting import predict_stages
/usr/local/lib/python3.7/site-packages/sklearn/ensemble/gradient_boosting.py:34: DeprecationWarning: `np.bool` is a deprecated alias for the builtin `bool`. To silence this warning, use `bool` by itself. Doing this will not modify any behavior and is safe. If you specifically wanted the numpy scalar type, use `np.bool_` here.
Deprecated in NumPy 1.20; for more details and guidance: https://numpy.org/devdocs/release/1.20.0-notes.html#deprecations
  from ._gradient_boosting import predict_stages
 * Running on http://0.0.0.0:80/ (Press CTRL+C to quit)
 * Restarting with stat
/usr/local/lib/python3.7/site-packages/sklearn/ensemble/gradient_boosting.py:34: DeprecationWarning: `np.bool` is a deprecated alias for the builtin `bool`. To silence this warning, use `bool` by itself. Doing this will not modify any behavior and is safe. If you specifically wanted the numpy scalar type, use `np.bool_` here.
Deprecated in NumPy 1.20; for more details and guidance: https://numpy.org/devdocs/release/1.20.0-notes.html#deprecations
  from ._gradient_boosting import predict_stages
/usr/local/lib/python3.7/site-packages/sklearn/ensemble/gradient_boosting.py:34: DeprecationWarning: `np.bool` is a deprecated alias for the builtin `bool`. To silence this warning, use `bool` by itself. Doing this will not modify any behavior and is safe. If you specifically wanted the numpy scalar type, use `np.bool_` here.
Deprecated in NumPy 1.20; for more details and guidance: https://numpy.org/devdocs/release/1.20.0-notes.html#deprecations
  from ._gradient_boosting import predict_stages
 * Debugger is active!
 * Debugger PIN: 221-135-987
[2022-08-15 10:15:37,959] INFO in app: JSON payload: 
{'CHAS': {'0': 0}, 'RM': {'0': 6.575}, 'TAX': {'0': 296.0}, 'PTRATIO': {'0': 15.3}, 'B': {'0': 396.9}, 'LSTAT': {'0': 4.98}}
[2022-08-15 10:15:37,972] INFO in app: Inference payload DataFrame: 
   CHAS     RM    TAX  PTRATIO      B  LSTAT
0     0  6.575  296.0     15.3  396.9   4.98
[2022-08-15 10:15:37,982] INFO in app: Scaling Payload: 
   CHAS     RM    TAX  PTRATIO      B  LSTAT
0     0  6.575  296.0     15.3  396.9   4.98
[2022-08-15 10:15:37,986] INFO in app: Output prediction: 
[20.35373177134412]
172.17.0.1 - - [15/Aug/2022 10:15:37] "POST /predict HTTP/1.1" 200 -
